16:25 bilby INFO    : Running for label 'u_hype_45507', output will be saved to 'hy_outdir'
16:25 bilby INFO    : Search parameters:
16:25 bilby INFO    :   mu1 = Uniform(minimum=0.9, maximum=2.9, name='mu1', latex_label='$\\mu_1$', unit=None, boundary=None)
16:25 bilby INFO    :   sigma1 = Uniform(minimum=0.01, maximum=2, name='sigma1', latex_label='$\\sigma_1$', unit=None, boundary=None)
16:25 bilby INFO    :   mu2 = Uniform(minimum=0.9, maximum=2.9, name='mu2', latex_label='$\\mu_2$', unit=None, boundary=None)
16:25 bilby INFO    :   sigma2 = Uniform(minimum=0.01, maximum=2, name='sigma2', latex_label='$\\sigma_2$', unit=None, boundary=None)
16:25 bilby INFO    :   alpha = Uniform(minimum=0.01, maximum=1, name='alpha', latex_label='$\\alpha$', unit=None, boundary=None)
16:25 bilby INFO    :   mup = Uniform(minimum=1.9, maximum=2.9, name='mup', latex_label='$\\rm{m^u}$', unit=None, boundary=None)
16:25 bilby INFO    :   mlo = Uniform(minimum=0.9, maximum=1.5, name='mlo', latex_label='$\\rm{m^l}$', unit=None, boundary=None)
16:25 bilby INFO    : Single likelihood evaluation took 2.993e-02 s
16:25 bilby INFO    : Using sampler Dynesty with kwargs {'bound': 'multi', 'sample': 'rwalk', 'verbose': True, 'periodic': None, 'reflective': None, 'check_point_delta_t': 600, 'nlive': 400, 'first_update': None, 'walks': 100, 'npdim': None, 'rstate': None, 'queue_size': 8, 'pool': None, 'use_pool': None, 'live_points': None, 'logl_args': None, 'logl_kwargs': None, 'ptform_args': None, 'ptform_kwargs': None, 'enlarge': 1.5, 'bootstrap': None, 'vol_dec': 0.5, 'vol_check': 8.0, 'facc': 0.2, 'slices': 5, 'update_interval': 240, 'print_func': <bound method Dynesty._print_func of <bilby.core.sampler.dynesty.Dynesty object at 0x7f88a6d9e4a8>>, 'dlogz': 0.1, 'maxiter': None, 'maxcall': None, 'logl_max': inf, 'add_live': True, 'print_progress': True, 'save_bounds': False, 'n_effective': None, 'maxmcmc': 5000, 'nact': 5}
16:25 bilby INFO    : Checkpoint every check_point_delta_t = 600s
16:25 bilby INFO    : Using dynesty version 1.1
16:26 bilby INFO    : Using the bilby-implemented rwalk sample method with ACT estimated walks
16:26 bilby INFO    : Setting up multiproccesing pool with 8 processes.
16:36 bilby INFO    : Written checkpoint file hy_outdir/u_hype_45507_resume.pickle
16:46 bilby WARNING : Unable to find a new point using walk: returning a random point
16:46 bilby INFO    : Written checkpoint file hy_outdir/u_hype_45507_resume.pickle
16:56 bilby INFO    : Written checkpoint file hy_outdir/u_hype_45507_resume.pickle
16:59 bilby WARNING : Unable to find a new point using walk: returning a random point
17:01 bilby WARNING : Unable to find a new point using walk: returning a random point
17:02 bilby WARNING : Unable to find a new point using walk: returning a random point
17:02 bilby WARNING : Unable to find a new point using walk: returning a random point
17:06 bilby INFO    : Written checkpoint file hy_outdir/u_hype_45507_resume.pickle
17:07 bilby WARNING : Unable to find a new point using walk: returning a random point
17:07 bilby WARNING : Unable to find a new point using walk: returning a random point
17:11 bilby WARNING : Unable to find a new point using walk: returning a random point
17:13 bilby WARNING : Unable to find a new point using walk: returning a random point
17:16 bilby INFO    : Written checkpoint file hy_outdir/u_hype_45507_resume.pickle
17:20 bilby WARNING : Unable to find a new point using walk: returning a random point
17:20 bilby WARNING : Unable to find a new point using walk: returning a random point
17:20 bilby WARNING : Unable to find a new point using walk: returning a random point
17:20 bilby WARNING : Unable to find a new point using walk: returning a random point
17:20 bilby WARNING : Unable to find a new point using walk: returning a random point
17:20 bilby WARNING : Unable to find a new point using walk: returning a random point
17:23 bilby WARNING : Unable to find a new point using walk: returning a random point
17:23 bilby WARNING : Unable to find a new point using walk: returning a random point
17:23 bilby WARNING : Unable to find a new point using walk: returning a random point
17:23 bilby WARNING : Unable to find a new point using walk: returning a random point
17:23 bilby WARNING : Unable to find a new point using walk: returning a random point
17:23 bilby WARNING : Unable to find a new point using walk: returning a random point
17:23 bilby WARNING : Unable to find a new point using walk: returning a random point
17:23 bilby WARNING : Unable to find a new point using walk: returning a random point
17:23 bilby WARNING : Unable to find a new point using walk: returning a random point
17:23 bilby WARNING : Unable to find a new point using walk: returning a random point
17:23 bilby WARNING : Unable to find a new point using walk: returning a random point
17:23 bilby WARNING : Unable to find a new point using walk: returning a random point
17:23 bilby WARNING : Unable to find a new point using walk: returning a random point
17:23 bilby WARNING : Unable to find a new point using walk: returning a random point
17:23 bilby WARNING : Unable to find a new point using walk: returning a random point
17:24 bilby WARNING : Unable to find a new point using walk: returning a random point
17:24 bilby WARNING : Unable to find a new point using walk: returning a random point
17:24 bilby WARNING : Unable to find a new point using walk: returning a random point
17:24 bilby WARNING : Unable to find a new point using walk: returning a random point
17:24 bilby WARNING : Unable to find a new point using walk: returning a random point
17:24 bilby WARNING : Unable to find a new point using walk: returning a random point
17:25 bilby WARNING : Unable to find a new point using walk: returning a random point
17:25 bilby WARNING : Unable to find a new point using walk: returning a random point
17:25 bilby WARNING : Unable to find a new point using walk: returning a random point
17:25 bilby WARNING : Unable to find a new point using walk: returning a random point
17:25 bilby WARNING : Unable to find a new point using walk: returning a random point
17:25 bilby WARNING : Unable to find a new point using walk: returning a random point
17:25 bilby WARNING : Unable to find a new point using walk: returning a random point
17:25 bilby WARNING : Unable to find a new point using walk: returning a random point
17:25 bilby WARNING : Unable to find a new point using walk: returning a random point
17:25 bilby WARNING : Unable to find a new point using walk: returning a random point
17:25 bilby WARNING : Unable to find a new point using walk: returning a random point
17:25 bilby WARNING : Unable to find a new point using walk: returning a random point
17:25 bilby WARNING : Unable to find a new point using walk: returning a random point
17:25 bilby WARNING : Unable to find a new point using walk: returning a random point
17:25 bilby WARNING : Unable to find a new point using walk: returning a random point
17:25 bilby WARNING : Unable to find a new point using walk: returning a random point
17:26 bilby WARNING : Unable to find a new point using walk: returning a random point
17:26 bilby WARNING : Unable to find a new point using walk: returning a random point
17:26 bilby INFO    : Written checkpoint file hy_outdir/u_hype_45507_resume.pickle
17:30 bilby WARNING : Unable to find a new point using walk: returning a random point
17:31 bilby WARNING : Unable to find a new point using walk: returning a random point
17:36 bilby INFO    : Written checkpoint file hy_outdir/u_hype_45507_resume.pickle
17:36 bilby INFO    : Writing 103 current samples to hy_outdir/u_hype_45507_samples.dat
17:40 bilby WARNING : Unable to find a new point using walk: returning a random point
17:41 bilby WARNING : Unable to find a new point using walk: returning a random point
17:41 bilby WARNING : Unable to find a new point using walk: returning a random point
17:47 bilby INFO    : Written checkpoint file hy_outdir/u_hype_45507_resume.pickle
17:47 bilby INFO    : Writing 173 current samples to hy_outdir/u_hype_45507_samples.dat
17:51 bilby WARNING : Unable to find a new point using walk: returning a random point
17:51 bilby WARNING : Unable to find a new point using walk: returning a random point
17:51 bilby WARNING : Unable to find a new point using walk: returning a random point
17:51 bilby WARNING : Unable to find a new point using walk: returning a random point
17:51 bilby WARNING : Unable to find a new point using walk: returning a random point
17:51 bilby WARNING : Unable to find a new point using walk: returning a random point
17:51 bilby WARNING : Unable to find a new point using walk: returning a random point
17:52 bilby WARNING : Unable to find a new point using walk: returning a random point
17:52 bilby WARNING : Unable to find a new point using walk: returning a random point
17:52 bilby WARNING : Unable to find a new point using walk: returning a random point
17:52 bilby WARNING : Unable to find a new point using walk: returning a random point
17:52 bilby WARNING : Unable to find a new point using walk: returning a random point
17:52 bilby WARNING : Unable to find a new point using walk: returning a random point
17:52 bilby WARNING : Unable to find a new point using walk: returning a random point
17:52 bilby WARNING : Unable to find a new point using walk: returning a random point
17:52 bilby WARNING : Unable to find a new point using walk: returning a random point
17:53 bilby WARNING : Unable to find a new point using walk: returning a random point
17:57 bilby INFO    : Written checkpoint file hy_outdir/u_hype_45507_resume.pickle
17:57 bilby INFO    : Writing 284 current samples to hy_outdir/u_hype_45507_samples.dat
18:07 bilby INFO    : Written checkpoint file hy_outdir/u_hype_45507_resume.pickle
18:07 bilby INFO    : Writing 456 current samples to hy_outdir/u_hype_45507_samples.dat
18:18 bilby INFO    : Written checkpoint file hy_outdir/u_hype_45507_resume.pickle
18:18 bilby INFO    : Writing 692 current samples to hy_outdir/u_hype_45507_samples.dat
18:22 bilby WARNING : Unable to find a new point using walk: returning a random point
18:28 bilby WARNING : Unable to find a new point using walk: returning a random point
18:28 bilby INFO    : Written checkpoint file hy_outdir/u_hype_45507_resume.pickle
18:28 bilby INFO    : Writing 1112 current samples to hy_outdir/u_hype_45507_samples.dat
18:30 bilby WARNING : Unable to find a new point using walk: returning a random point
18:30 bilby WARNING : Unable to find a new point using walk: returning a random point
18:30 bilby WARNING : Unable to find a new point using walk: returning a random point
18:30 bilby WARNING : Unable to find a new point using walk: returning a random point
18:33 bilby WARNING : Unable to find a new point using walk: returning a random point
18:33 bilby WARNING : Unable to find a new point using walk: returning a random point
18:33 bilby WARNING : Unable to find a new point using walk: returning a random point
18:33 bilby WARNING : Unable to find a new point using walk: returning a random point
18:33 bilby WARNING : Unable to find a new point using walk: returning a random point
18:34 bilby WARNING : Unable to find a new point using walk: returning a random point
18:34 bilby WARNING : Unable to find a new point using walk: returning a random point
18:34 bilby WARNING : Unable to find a new point using walk: returning a random point
18:35 bilby WARNING : Unable to find a new point using walk: returning a random point
18:35 bilby WARNING : Unable to find a new point using walk: returning a random point
18:35 bilby WARNING : Unable to find a new point using walk: returning a random point
18:35 bilby WARNING : Unable to find a new point using walk: returning a random point
18:35 bilby WARNING : Unable to find a new point using walk: returning a random point
18:38 bilby INFO    : Written checkpoint file hy_outdir/u_hype_45507_resume.pickle
18:38 bilby INFO    : Writing 1755 current samples to hy_outdir/u_hype_45507_samples.dat
18:40 bilby WARNING : Unable to find a new point using walk: returning a random point
18:42 bilby WARNING : Unable to find a new point using walk: returning a random point
18:42 bilby WARNING : Unable to find a new point using walk: returning a random point
18:48 bilby INFO    : Written checkpoint file hy_outdir/u_hype_45507_resume.pickle
18:48 bilby INFO    : Writing 1939 current samples to hy_outdir/u_hype_45507_samples.dat
18:55 bilby INFO    : Written checkpoint file hy_outdir/u_hype_45507_resume.pickle
18:55 bilby INFO    : Writing 1925 current samples to hy_outdir/u_hype_45507_samples.dat
18:55 bilby INFO    : Starting to close worker pool.
18:55 bilby INFO    : Finished closing worker pool.
18:55 bilby INFO    : Sampling time: 2:29:03.175233
18:55 bilby ERROR   : 

 Saving the data has failed with the following message:
 Object of type int64 is not JSON serializable 


18:55 bilby ERROR   : 

 Saving the data has failed with the following message:
 Object of type int64 is not JSON serializable 


18:55 bilby INFO    : Summary of results:
nsamples: 5658
ln_noise_evidence:  0.000
ln_evidence: 50.422 +/-  0.204
ln_bayes_factor: 50.422 +/-  0.204

WARNING:matplotlib.font_manager:findfont: Font family ['serif'] not found. Falling back to DejaVu Sans.
WARNING:matplotlib.font_manager:findfont: Generic family 'serif' not found because none of the following families were found: Computer Modern Roman
WARNING:matplotlib.font_manager:findfont: Font family ['serif'] not found. Falling back to DejaVu Sans.
WARNING:matplotlib.font_manager:findfont: Generic family 'serif' not found because none of the following families were found: Computer Modern Roman
