21:10 bilby INFO    : Running for label 'u_hype_4456', output will be saved to 'hy_outdir'
21:10 bilby INFO    : Search parameters:
21:10 bilby INFO    :   mu1 = Uniform(minimum=0.9, maximum=2.9, name='mu1', latex_label='$\\mu_1$', unit=None, boundary=None)
21:10 bilby INFO    :   sigma1 = Uniform(minimum=0.01, maximum=2, name='sigma1', latex_label='$\\sigma_1$', unit=None, boundary=None)
21:10 bilby INFO    :   mu2 = Uniform(minimum=0.9, maximum=2.9, name='mu2', latex_label='$\\mu_2$', unit=None, boundary=None)
21:10 bilby INFO    :   sigma2 = Uniform(minimum=0.01, maximum=2, name='sigma2', latex_label='$\\sigma_2$', unit=None, boundary=None)
21:10 bilby INFO    :   alpha = Uniform(minimum=0.01, maximum=1, name='alpha', latex_label='$\\alpha$', unit=None, boundary=None)
21:10 bilby INFO    :   mu3 = Uniform(minimum=0.9, maximum=2.9, name='mu3', latex_label='$\\mu_3$', unit=None, boundary=None)
21:10 bilby INFO    :   sigma3 = Uniform(minimum=0.01, maximum=2, name='sigma3', latex_label='$\\sigma_3$', unit=None, boundary=None)
21:10 bilby INFO    :   beta = Uniform(minimum=0.01, maximum=1, name='beta', latex_label='$\\beta$', unit=None, boundary=None)
21:10 bilby INFO    : Single likelihood evaluation took 1.190e-03 s
21:10 bilby INFO    : Using sampler Dynesty with kwargs {'bound': 'multi', 'sample': 'rwalk', 'verbose': True, 'periodic': None, 'reflective': None, 'check_point_delta_t': 600, 'nlive': 400, 'first_update': None, 'walks': 100, 'npdim': None, 'rstate': None, 'queue_size': 8, 'pool': None, 'use_pool': None, 'live_points': None, 'logl_args': None, 'logl_kwargs': None, 'ptform_args': None, 'ptform_kwargs': None, 'enlarge': 1.5, 'bootstrap': None, 'vol_dec': 0.5, 'vol_check': 8.0, 'facc': 0.2, 'slices': 5, 'update_interval': 240, 'print_func': <bound method Dynesty._print_func of <bilby.core.sampler.dynesty.Dynesty object at 0x7f805f845080>>, 'dlogz': 0.1, 'maxiter': None, 'maxcall': None, 'logl_max': inf, 'add_live': True, 'print_progress': True, 'save_bounds': False, 'n_effective': None, 'maxmcmc': 5000, 'nact': 5}
21:10 bilby INFO    : Checkpoint every check_point_delta_t = 600s
21:10 bilby INFO    : Using dynesty version 1.1
21:10 bilby INFO    : Using the bilby-implemented rwalk sample method with ACT estimated walks
21:10 bilby INFO    : Setting up multiproccesing pool with 8 processes.
21:10 bilby INFO    : Generating initial points from the prior
21:21 bilby INFO    : Written checkpoint file hy_outdir/u_hype_4456_resume.pickle
21:31 bilby INFO    : Written checkpoint file hy_outdir/u_hype_4456_resume.pickle
21:41 bilby INFO    : Written checkpoint file hy_outdir/u_hype_4456_resume.pickle
21:51 bilby INFO    : Written checkpoint file hy_outdir/u_hype_4456_resume.pickle
21:51 bilby INFO    : Writing 159 current samples to hy_outdir/u_hype_4456_samples.dat
22:01 bilby INFO    : Written checkpoint file hy_outdir/u_hype_4456_resume.pickle
22:01 bilby INFO    : Writing 787 current samples to hy_outdir/u_hype_4456_samples.dat
22:09 bilby INFO    : Written checkpoint file hy_outdir/u_hype_4456_resume.pickle
22:09 bilby INFO    : Writing 2294 current samples to hy_outdir/u_hype_4456_samples.dat
22:09 bilby INFO    : Starting to close worker pool.
22:09 bilby INFO    : Finished closing worker pool.
22:09 bilby INFO    : Sampling time: 0:58:17.540029
22:09 bilby INFO    : Summary of results:
nsamples: 7154
ln_noise_evidence:  0.000
ln_evidence: 45.832 +/-  0.236
ln_bayes_factor: 45.832 +/-  0.236

