21:10 bilby INFO    : Running for label 'u_hype_76984', output will be saved to 'hy_outdir'
21:10 bilby INFO    : Search parameters:
21:10 bilby INFO    :   mu1 = Uniform(minimum=0.9, maximum=2.9, name='mu1', latex_label='$\\mu_1$', unit=None, boundary=None)
21:10 bilby INFO    :   sigma1 = Uniform(minimum=0.01, maximum=2, name='sigma1', latex_label='$\\sigma_1$', unit=None, boundary=None)
21:10 bilby INFO    :   mu2 = Uniform(minimum=0.9, maximum=2.9, name='mu2', latex_label='$\\mu_2$', unit=None, boundary=None)
21:10 bilby INFO    :   sigma2 = Uniform(minimum=0.01, maximum=2, name='sigma2', latex_label='$\\sigma_2$', unit=None, boundary=None)
21:10 bilby INFO    :   alpha = Uniform(minimum=0.01, maximum=1, name='alpha', latex_label='$\\alpha$', unit=None, boundary=None)
21:10 bilby INFO    :   mup = Uniform(minimum=1.9, maximum=2.9, name='mup', latex_label='$\\rm{m^u}$', unit=None, boundary=None)
21:10 bilby INFO    : Single likelihood evaluation took 6.379e-03 s
21:10 bilby INFO    : Using sampler Dynesty with kwargs {'bound': 'multi', 'sample': 'rwalk', 'verbose': True, 'periodic': None, 'reflective': None, 'check_point_delta_t': 600, 'nlive': 400, 'first_update': None, 'walks': 100, 'npdim': None, 'rstate': None, 'queue_size': 8, 'pool': None, 'use_pool': None, 'live_points': None, 'logl_args': None, 'logl_kwargs': None, 'ptform_args': None, 'ptform_kwargs': None, 'enlarge': 1.5, 'bootstrap': None, 'vol_dec': 0.5, 'vol_check': 8.0, 'facc': 0.2, 'slices': 5, 'update_interval': 240, 'print_func': <bound method Dynesty._print_func of <bilby.core.sampler.dynesty.Dynesty object at 0x7f699bc5a0b8>>, 'dlogz': 0.1, 'maxiter': None, 'maxcall': None, 'logl_max': inf, 'add_live': True, 'print_progress': True, 'save_bounds': False, 'n_effective': None, 'maxmcmc': 5000, 'nact': 5}
21:10 bilby INFO    : Checkpoint every check_point_delta_t = 600s
21:10 bilby INFO    : Using dynesty version 1.1
21:10 bilby INFO    : Using the bilby-implemented rwalk sample method with ACT estimated walks
21:10 bilby INFO    : Setting up multiproccesing pool with 8 processes.
21:10 bilby INFO    : Generating initial points from the prior
21:21 bilby INFO    : Written checkpoint file hy_outdir/u_hype_76984_resume.pickle
21:31 bilby INFO    : Written checkpoint file hy_outdir/u_hype_76984_resume.pickle
21:41 bilby INFO    : Written checkpoint file hy_outdir/u_hype_76984_resume.pickle
21:41 bilby INFO    : Writing 326 current samples to hy_outdir/u_hype_76984_samples.dat
21:51 bilby INFO    : Written checkpoint file hy_outdir/u_hype_76984_resume.pickle
21:51 bilby INFO    : Writing 1761 current samples to hy_outdir/u_hype_76984_samples.dat
21:56 bilby INFO    : Written checkpoint file hy_outdir/u_hype_76984_resume.pickle
21:56 bilby INFO    : Writing 1791 current samples to hy_outdir/u_hype_76984_samples.dat
21:56 bilby INFO    : Starting to close worker pool.
21:56 bilby INFO    : Finished closing worker pool.
21:56 bilby INFO    : Sampling time: 0:45:05.412684
21:56 bilby INFO    : Summary of results:
nsamples: 6071
ln_noise_evidence:  0.000
ln_evidence: 47.916 +/-  0.218
ln_bayes_factor: 47.916 +/-  0.218

