00:49 bilby INFO    : Running for label 'u_hype_77961', output will be saved to 'hy_outdir'
00:49 bilby INFO    : Search parameters:
00:49 bilby INFO    :   k = Uniform(minimum=0, maximum=80, name='k', latex_label='$k$', unit=None, boundary=None)
00:49 bilby INFO    :   theta = Uniform(minimum=0.01, maximum=0.1, name='theta', latex_label='$\\theta$', unit=None, boundary=None)
00:49 bilby INFO    : Single likelihood evaluation took 1.765e-02 s
00:49 bilby INFO    : Using sampler Dynesty with kwargs {'bound': 'multi', 'sample': 'rwalk', 'verbose': True, 'periodic': None, 'reflective': None, 'check_point_delta_t': 600, 'nlive': 400, 'first_update': None, 'walks': 100, 'npdim': None, 'rstate': None, 'queue_size': 8, 'pool': None, 'use_pool': None, 'live_points': None, 'logl_args': None, 'logl_kwargs': None, 'ptform_args': None, 'ptform_kwargs': None, 'enlarge': 1.5, 'bootstrap': None, 'vol_dec': 0.5, 'vol_check': 8.0, 'facc': 0.2, 'slices': 5, 'update_interval': 240, 'print_func': <bound method Dynesty._print_func of <bilby.core.sampler.dynesty.Dynesty object at 0x7fc3ab7fb160>>, 'dlogz': 0.1, 'maxiter': None, 'maxcall': None, 'logl_max': inf, 'add_live': True, 'print_progress': True, 'save_bounds': False, 'n_effective': None, 'maxmcmc': 5000, 'nact': 5}
00:49 bilby INFO    : Checkpoint every check_point_delta_t = 600s
00:49 bilby INFO    : Using dynesty version 1.1
00:49 bilby INFO    : Using the bilby-implemented rwalk sample method with ACT estimated walks
00:49 bilby INFO    : Setting up multiproccesing pool with 8 processes.
00:49 bilby INFO    : Generating initial points from the prior
00:59 bilby INFO    : Written checkpoint file hy_outdir/u_hype_77961_resume.pickle
00:59 bilby INFO    : Writing 121 current samples to hy_outdir/u_hype_77961_samples.dat
01:09 bilby INFO    : Written checkpoint file hy_outdir/u_hype_77961_resume.pickle
01:09 bilby INFO    : Writing 270 current samples to hy_outdir/u_hype_77961_samples.dat
01:19 bilby INFO    : Written checkpoint file hy_outdir/u_hype_77961_resume.pickle
01:19 bilby INFO    : Writing 559 current samples to hy_outdir/u_hype_77961_samples.dat
01:30 bilby INFO    : Written checkpoint file hy_outdir/u_hype_77961_resume.pickle
01:30 bilby INFO    : Writing 1014 current samples to hy_outdir/u_hype_77961_samples.dat
01:40 bilby INFO    : Written checkpoint file hy_outdir/u_hype_77961_resume.pickle
01:40 bilby INFO    : Writing 996 current samples to hy_outdir/u_hype_77961_samples.dat
01:48 bilby INFO    : Written checkpoint file hy_outdir/u_hype_77961_resume.pickle
01:48 bilby INFO    : Writing 1011 current samples to hy_outdir/u_hype_77961_samples.dat
01:48 bilby INFO    : Starting to close worker pool.
01:48 bilby INFO    : Finished closing worker pool.
01:48 bilby INFO    : Sampling time: 0:59:11.278390
01:48 bilby INFO    : Summary of results:
nsamples: 3509
ln_noise_evidence:  0.000
ln_evidence: 40.109 +/-  0.149
ln_bayes_factor: 40.109 +/-  0.149

