19:05 bilby INFO    : Running for label 'u_hype_45266', output will be saved to 'hy_outdir'
19:05 bilby INFO    : Search parameters:
19:05 bilby INFO    :   mlo = LogUniform(minimum=0.9, maximum=2.9, name='mlo', latex_label='$\\rm{m^l}$', unit=None, boundary=None)
19:05 bilby INFO    :   mup = LogUniform(minimum=1.9, maximum=2.9, name='mup', latex_label='$\\rm{m^u}$', unit=None, boundary=None)
19:05 bilby INFO    : Single likelihood evaluation took 1.557e-03 s
19:05 bilby INFO    : Using sampler Dynesty with kwargs {'bound': 'multi', 'sample': 'rwalk', 'verbose': True, 'periodic': None, 'reflective': None, 'check_point_delta_t': 600, 'nlive': 400, 'first_update': None, 'walks': 100, 'npdim': None, 'rstate': None, 'queue_size': 8, 'pool': None, 'use_pool': None, 'live_points': None, 'logl_args': None, 'logl_kwargs': None, 'ptform_args': None, 'ptform_kwargs': None, 'enlarge': 1.5, 'bootstrap': None, 'vol_dec': 0.5, 'vol_check': 8.0, 'facc': 0.2, 'slices': 5, 'update_interval': 240, 'print_func': <bound method Dynesty._print_func of <bilby.core.sampler.dynesty.Dynesty object at 0x7f2008a7e0b8>>, 'dlogz': 0.1, 'maxiter': None, 'maxcall': None, 'logl_max': inf, 'add_live': True, 'print_progress': True, 'save_bounds': False, 'n_effective': None, 'maxmcmc': 5000, 'nact': 5}
19:05 bilby INFO    : Checkpoint every check_point_delta_t = 600s
19:05 bilby INFO    : Using dynesty version 1.1
19:05 bilby INFO    : Using the bilby-implemented rwalk sample method with ACT estimated walks
19:05 bilby INFO    : Setting up multiproccesing pool with 8 processes.
19:05 bilby INFO    : Generating initial points from the prior
19:15 bilby INFO    : Written checkpoint file hy_outdir/u_hype_45266_resume.pickle
19:15 bilby INFO    : Writing 1199 current samples to hy_outdir/u_hype_45266_samples.dat
19:15 bilby INFO    : Starting to close worker pool.
19:15 bilby INFO    : Finished closing worker pool.
19:15 bilby INFO    : Sampling time: 0:09:32.619551
19:15 bilby INFO    : Summary of results:
nsamples: 3157
ln_noise_evidence:  0.000
ln_evidence: 39.968 +/-  0.130
ln_bayes_factor: 39.968 +/-  0.130

