21:10 bilby INFO    : Running for label 'u_hype_77848', output will be saved to 'hy_outdir'
21:10 bilby INFO    : Search parameters:
21:10 bilby INFO    :   alpha = Uniform(minimum=-5, maximum=25, name='alpha', latex_label='$\\alpha$', unit=None, boundary=None)
21:10 bilby INFO    :   mmin = Uniform(minimum=0.9, maximum=2.9, name='mmin', latex_label='$mmin$', unit=None, boundary=None)
21:10 bilby INFO    :   mmax = Uniform(minimum=1.9, maximum=2.9, name='mmax', latex_label='$mmax$', unit=None, boundary=None)
21:10 bilby INFO    :   delta_m = Uniform(minimum=0.01, maximum=1, name='delta', latex_label='$\\delta$', unit=None, boundary=None)
21:10 bilby INFO    : Single likelihood evaluation took 2.354e-02 s
21:10 bilby INFO    : Using sampler Dynesty with kwargs {'bound': 'multi', 'sample': 'rwalk', 'verbose': True, 'periodic': None, 'reflective': None, 'check_point_delta_t': 600, 'nlive': 400, 'first_update': None, 'walks': 100, 'npdim': None, 'rstate': None, 'queue_size': 8, 'pool': None, 'use_pool': None, 'live_points': None, 'logl_args': None, 'logl_kwargs': None, 'ptform_args': None, 'ptform_kwargs': None, 'enlarge': 1.5, 'bootstrap': None, 'vol_dec': 0.5, 'vol_check': 8.0, 'facc': 0.2, 'slices': 5, 'update_interval': 240, 'print_func': <bound method Dynesty._print_func of <bilby.core.sampler.dynesty.Dynesty object at 0x7fadf333d160>>, 'dlogz': 0.1, 'maxiter': None, 'maxcall': None, 'logl_max': inf, 'add_live': True, 'print_progress': True, 'save_bounds': False, 'n_effective': None, 'maxmcmc': 5000, 'nact': 5}
21:10 bilby INFO    : Checkpoint every check_point_delta_t = 600s
21:10 bilby INFO    : Using dynesty version 1.1
21:10 bilby INFO    : Using the bilby-implemented rwalk sample method with ACT estimated walks
21:10 bilby INFO    : Setting up multiproccesing pool with 8 processes.
21:10 bilby INFO    : Generating initial points from the prior
21:22 bilby INFO    : Written checkpoint file hy_outdir/u_hype_77848_resume.pickle
21:32 bilby INFO    : Written checkpoint file hy_outdir/u_hype_77848_resume.pickle
21:42 bilby INFO    : Written checkpoint file hy_outdir/u_hype_77848_resume.pickle
21:52 bilby INFO    : Written checkpoint file hy_outdir/u_hype_77848_resume.pickle
21:52 bilby INFO    : Writing 148 current samples to hy_outdir/u_hype_77848_samples.dat
22:03 bilby INFO    : Written checkpoint file hy_outdir/u_hype_77848_resume.pickle
22:03 bilby INFO    : Writing 266 current samples to hy_outdir/u_hype_77848_samples.dat
22:13 bilby INFO    : Written checkpoint file hy_outdir/u_hype_77848_resume.pickle
22:13 bilby INFO    : Writing 399 current samples to hy_outdir/u_hype_77848_samples.dat
22:23 bilby INFO    : Written checkpoint file hy_outdir/u_hype_77848_resume.pickle
22:23 bilby INFO    : Writing 964 current samples to hy_outdir/u_hype_77848_samples.dat
22:33 bilby INFO    : Written checkpoint file hy_outdir/u_hype_77848_resume.pickle
22:33 bilby INFO    : Writing 1535 current samples to hy_outdir/u_hype_77848_samples.dat
22:43 bilby INFO    : Written checkpoint file hy_outdir/u_hype_77848_resume.pickle
22:43 bilby INFO    : Writing 1542 current samples to hy_outdir/u_hype_77848_samples.dat
22:45 bilby INFO    : Written checkpoint file hy_outdir/u_hype_77848_resume.pickle
22:45 bilby INFO    : Writing 1564 current samples to hy_outdir/u_hype_77848_samples.dat
22:45 bilby INFO    : Starting to close worker pool.
22:45 bilby INFO    : Finished closing worker pool.
22:45 bilby INFO    : Sampling time: 1:33:00.965413
22:45 bilby INFO    : Summary of results:
nsamples: 3807
ln_noise_evidence:  0.000
ln_evidence: 53.541 +/-  0.137
ln_bayes_factor: 53.541 +/-  0.137

