21:10 bilby INFO    : Running for label 'u_hype_85255', output will be saved to 'hy_outdir'
21:10 bilby INFO    : Search parameters:
21:10 bilby INFO    :   alpha = Uniform(minimum=-5, maximum=25, name='alpha', latex_label='$\\alpha$', unit=None, boundary=None)
21:10 bilby INFO    :   mmin = Uniform(minimum=0.9, maximum=2.9, name='mmin', latex_label='$mmin$', unit=None, boundary=None)
21:10 bilby INFO    :   mmax = Uniform(minimum=1.9, maximum=2.9, name='mmax', latex_label='$mmax$', unit=None, boundary=None)
21:10 bilby INFO    :   delta_m = Uniform(minimum=0.01, maximum=1, name='delta', latex_label='$\\delta$', unit=None, boundary=None)
21:10 bilby INFO    : Single likelihood evaluation took 1.957e-02 s
21:10 bilby INFO    : Using sampler Dynesty with kwargs {'bound': 'multi', 'sample': 'rwalk', 'verbose': True, 'periodic': None, 'reflective': None, 'check_point_delta_t': 600, 'nlive': 400, 'first_update': None, 'walks': 100, 'npdim': None, 'rstate': None, 'queue_size': 8, 'pool': None, 'use_pool': None, 'live_points': None, 'logl_args': None, 'logl_kwargs': None, 'ptform_args': None, 'ptform_kwargs': None, 'enlarge': 1.5, 'bootstrap': None, 'vol_dec': 0.5, 'vol_check': 8.0, 'facc': 0.2, 'slices': 5, 'update_interval': 240, 'print_func': <bound method Dynesty._print_func of <bilby.core.sampler.dynesty.Dynesty object at 0x7f3963f57d68>>, 'dlogz': 0.1, 'maxiter': None, 'maxcall': None, 'logl_max': inf, 'add_live': True, 'print_progress': True, 'save_bounds': False, 'n_effective': None, 'maxmcmc': 5000, 'nact': 5}
21:10 bilby INFO    : Checkpoint every check_point_delta_t = 600s
21:10 bilby INFO    : Using dynesty version 1.1
21:10 bilby INFO    : Using the bilby-implemented rwalk sample method with ACT estimated walks
21:10 bilby INFO    : Setting up multiproccesing pool with 8 processes.
21:10 bilby INFO    : Generating initial points from the prior
21:21 bilby INFO    : Written checkpoint file hy_outdir/u_hype_85255_resume.pickle
21:31 bilby INFO    : Written checkpoint file hy_outdir/u_hype_85255_resume.pickle
21:42 bilby INFO    : Written checkpoint file hy_outdir/u_hype_85255_resume.pickle
21:42 bilby INFO    : Writing 148 current samples to hy_outdir/u_hype_85255_samples.dat
21:52 bilby INFO    : Written checkpoint file hy_outdir/u_hype_85255_resume.pickle
21:52 bilby INFO    : Writing 311 current samples to hy_outdir/u_hype_85255_samples.dat
22:02 bilby INFO    : Written checkpoint file hy_outdir/u_hype_85255_resume.pickle
22:02 bilby INFO    : Writing 660 current samples to hy_outdir/u_hype_85255_samples.dat
22:12 bilby INFO    : Written checkpoint file hy_outdir/u_hype_85255_resume.pickle
22:12 bilby INFO    : Writing 1425 current samples to hy_outdir/u_hype_85255_samples.dat
22:22 bilby INFO    : Written checkpoint file hy_outdir/u_hype_85255_resume.pickle
22:22 bilby INFO    : Writing 1581 current samples to hy_outdir/u_hype_85255_samples.dat
22:28 bilby INFO    : Written checkpoint file hy_outdir/u_hype_85255_resume.pickle
22:28 bilby INFO    : Writing 1561 current samples to hy_outdir/u_hype_85255_samples.dat
22:28 bilby INFO    : Starting to close worker pool.
22:28 bilby INFO    : Finished closing worker pool.
22:28 bilby INFO    : Sampling time: 1:16:35.876499
22:28 bilby INFO    : Summary of results:
nsamples: 3663
ln_noise_evidence:  0.000
ln_evidence: 50.541 +/-  0.143
ln_bayes_factor: 50.541 +/-  0.143

